Arguments: 
  /usr/local/bin/node /usr/local/bin/yarn add cors

PATH: 
  ~/.composer/vendor/bin:/home/kaboel/.anaconda3/bin:/home/kaboel/.local/bin:/opt/gradle/gradle-5.0/bin:/usr/local/sbin:/usr/local/bin:/usr/sbin:/usr/bin:/sbin:/bin:/usr/games:/usr/local/games:/snap/bin

Yarn version: 
  1.16.0

Node version: 
  11.6.0

Platform: 
  linux x64

Trace: 
  Error: https://npm.widgetbrain.io/cors: authorization required to access package cors
      at Request.params.callback [as _callback] (/usr/local/lib/node_modules/yarn/lib/cli.js:66091:18)
      at Request.self.callback (/usr/local/lib/node_modules/yarn/lib/cli.js:129590:22)
      at Request.emit (events.js:188:13)
      at Request.<anonymous> (/usr/local/lib/node_modules/yarn/lib/cli.js:130562:10)
      at Request.emit (events.js:188:13)
      at IncomingMessage.<anonymous> (/usr/local/lib/node_modules/yarn/lib/cli.js:130484:12)
      at Object.onceWrapper (events.js:276:13)
      at IncomingMessage.emit (events.js:193:15)
      at endReadableNT (_stream_readable.js:1129:12)
      at process.internalTickCallback (internal/process/next_tick.js:72:19)

npm manifest: 
  {
    "name": "rumahmozaik-server",
    "version": "0.1.0",
    "main": "src/app.js",
    "repository": "https://github.com/kodeskillet/rumahmozaik/tree/master/server",
    "author": "Faiq Allam (faiq.kaboel@gmail.com)",
    "license": "MIT"
  }

yarn manifest: 
  No manifest

Lockfile: 
  No lockfile
